<?xml version="1.0" encoding="UTF-8"?>
<testng-results ignored="0" total="1" passed="1" failed="0" skipped="0">
  <reporter-output>
  </reporter-output>
  <suite started-at="2025-06-07T07:07:27 IST" name="Default suite" finished-at="2025-06-07T07:07:35 IST" duration-ms="8481">
    <groups>
    </groups>
    <test started-at="2025-06-07T07:07:27 IST" name="Default test" finished-at="2025-06-07T07:07:35 IST" duration-ms="8481">
      <class name="coreJavaConcepts.alerts">
        <test-method signature="test()[pri:0, instance:coreJavaConcepts.alerts@3349e9bb]" started-at="2025-06-07T07:07:27 IST" name="test" finished-at="2025-06-07T07:07:35 IST" duration-ms="8438" status="PASS">
          <reporter-output>
          </reporter-output>
        </test-method> <!-- test -->
      </class> <!-- coreJavaConcepts.alerts -->
    </test> <!-- Default test -->
  </suite> <!-- Default suite -->
</testng-results>
